# JRE version: OpenJDK Runtime Environment (8.0_302-b08) (build 1.8.0_302-b08)
# Java VM: OpenJDK 64-Bit Server VM (25.302-b08 mixed mode windows-amd64 compressed oops)
Heap:
 PSYoungGen      total 109056K, used 21282K [0x00000000f5580000, 0x00000000fce80000, 0x0000000100000000)
  eden space 95744K, 16% used [0x00000000f5580000,0x00000000f6489b20,0x00000000fb300000)
  from space 13312K, 44% used [0x00000000fc080000,0x00000000fc63edf0,0x00000000fcd80000)
  to   space 13824K, 0% used [0x00000000fb300000,0x00000000fb300000,0x00000000fc080000)
 ParOldGen       total 175104K, used 15755K [0x00000000e0000000, 0x00000000eab00000, 0x00000000f5580000)
  object space 175104K, 8% used [0x00000000e0000000,0x00000000e0f62d28,0x00000000eab00000)
 Metaspace       used 39218K, capacity 41108K, committed 41344K, reserved 1087488K
  class space    used 5608K, capacity 5965K, committed 6016K, reserved 1048576K
GC Heap History (10 events):
Event: 5.791 GC heap before
{Heap before GC invocations=6 (full 1):
 PSYoungGen      total 76288K, used 65536K [0x00000000f5580000, 0x00000000faa80000, 0x0000000100000000)
  eden space 65536K, 100% used [0x00000000f5580000,0x00000000f9580000,0x00000000f9580000)
  from space 10752K, 0% used [0x00000000fa000000,0x00000000fa000000,0x00000000faa80000)
  to   space 10752K, 0% used [0x00000000f9580000,0x00000000f9580000,0x00000000fa000000)
 ParOldGen       total 175104K, used 10246K [0x00000000e0000000, 0x00000000eab00000, 0x00000000f5580000)
  object space 175104K, 5% used [0x00000000e0000000,0x00000000e0a01a28,0x00000000eab00000)
 Metaspace       used 24109K, capacity 25068K, committed 25088K, reserved 1071104K
  class space    used 3612K, capacity 3840K, committed 3840K, reserved 1048576K
Event: 5.794 GC heap after
Heap after GC invocations=6 (full 1):
 PSYoungGen      total 76288K, used 4588K [0x00000000f5580000, 0x00000000fcd80000, 0x0000000100000000)
  eden space 65536K, 0% used [0x00000000f5580000,0x00000000f5580000,0x00000000f9580000)
  from space 10752K, 42% used [0x00000000f9580000,0x00000000f99fb3a8,0x00000000fa000000)
  to   space 13312K, 0% used [0x00000000fc080000,0x00000000fc080000,0x00000000fcd80000)
 ParOldGen       total 175104K, used 10254K [0x00000000e0000000, 0x00000000eab00000, 0x00000000f5580000)
  object space 175104K, 5% used [0x00000000e0000000,0x00000000e0a03a28,0x00000000eab00000)
 Metaspace       used 24109K, capacity 25068K, committed 25088K, reserved 1071104K
  class space    used 3612K, capacity 3840K, committed 3840K, reserved 1048576K
}
Event: 6.914 GC heap before
{Heap before GC invocations=7 (full 1):
 PSYoungGen      total 76288K, used 70124K [0x00000000f5580000, 0x00000000fcd80000, 0x0000000100000000)
  eden space 65536K, 100% used [0x00000000f5580000,0x00000000f9580000,0x00000000f9580000)
  from space 10752K, 42% used [0x00000000f9580000,0x00000000f99fb3a8,0x00000000fa000000)
  to   space 13312K, 0% used [0x00000000fc080000,0x00000000fc080000,0x00000000fcd80000)
 ParOldGen       total 175104K, used 10260K [0x00000000e0000000, 0x00000000eab00000, 0x00000000f5580000)
  object space 175104K, 5% used [0x00000000e0000000,0x00000000e0a05260,0x00000000eab00000)
 Metaspace       used 32205K, capacity 33488K, committed 33664K, reserved 1077248K
  class space    used 4577K, capacity 4873K, committed 4992K, reserved 1048576K
Event: 6.925 GC heap after
Heap after GC invocations=7 (full 1):
 PSYoungGen      total 109056K, used 9884K [0x00000000f5580000, 0x00000000fce80000, 0x0000000100000000)
  eden space 95744K, 0% used [0x00000000f5580000,0x00000000f5580000,0x00000000fb300000)
  from space 13312K, 74% used [0x00000000fc080000,0x00000000fca27318,0x00000000fcd80000)
  to   space 13824K, 0% used [0x00000000fb300000,0x00000000fb300000,0x00000000fc080000)
 ParOldGen       total 175104K, used 10268K [0x00000000e0000000, 0x00000000eab00000, 0x00000000f5580000)
  object space 175104K, 5% used [0x00000000e0000000,0x00000000e0a07260,0x00000000eab00000)
 Metaspace       used 32205K, capacity 33488K, committed 33664K, reserved 1077248K
  class space    used 4577K, capacity 4873K, committed 4992K, reserved 1048576K
}
Event: 7.491 GC heap before
{Heap before GC invocations=8 (full 1):
 PSYoungGen      total 109056K, used 43653K [0x00000000f5580000, 0x00000000fce80000, 0x0000000100000000)
  eden space 95744K, 35% used [0x00000000f5580000,0x00000000f767a240,0x00000000fb300000)
  from space 13312K, 74% used [0x00000000fc080000,0x00000000fca27318,0x00000000fcd80000)
  to   space 13824K, 0% used [0x00000000fb300000,0x00000000fb300000,0x00000000fc080000)
 ParOldGen       total 175104K, used 10268K [0x00000000e0000000, 0x00000000eab00000, 0x00000000f5580000)
  object space 175104K, 5% used [0x00000000e0000000,0x00000000e0a07260,0x00000000eab00000)
 Metaspace       used 33981K, capacity 35384K, committed 35456K, reserved 1079296K
  class space    used 4879K, capacity 5185K, committed 5248K, reserved 1048576K
Event: 7.504 GC heap after
Heap after GC invocations=8 (full 1):
 PSYoungGen      total 109568K, used 8297K [0x00000000f5580000, 0x00000000fce80000, 0x0000000100000000)
  eden space 95744K, 0% used [0x00000000f5580000,0x00000000f5580000,0x00000000fb300000)
  from space 13824K, 60% used [0x00000000fb300000,0x00000000fbb1a4e8,0x00000000fc080000)
  to   space 13312K, 0% used [0x00000000fc080000,0x00000000fc080000,0x00000000fcd80000)
 ParOldGen       total 175104K, used 10276K [0x00000000e0000000, 0x00000000eab00000, 0x00000000f5580000)
  object space 175104K, 5% used [0x00000000e0000000,0x00000000e0a09260,0x00000000eab00000)
 Metaspace       used 33981K, capacity 35384K, committed 35456K, reserved 1079296K
  class space    used 4879K, capacity 5185K, committed 5248K, reserved 1048576K
}
Event: 7.504 GC heap before
{Heap before GC invocations=9 (full 2):
 PSYoungGen      total 109568K, used 8297K [0x00000000f5580000, 0x00000000fce80000, 0x0000000100000000)
  eden space 95744K, 0% used [0x00000000f5580000,0x00000000f5580000,0x00000000fb300000)
  from space 13824K, 60% used [0x00000000fb300000,0x00000000fbb1a4e8,0x00000000fc080000)
  to   space 13312K, 0% used [0x00000000fc080000,0x00000000fc080000,0x00000000fcd80000)
 ParOldGen       total 175104K, used 10276K [0x00000000e0000000, 0x00000000eab00000, 0x00000000f5580000)
  object space 175104K, 5% used [0x00000000e0000000,0x00000000e0a09260,0x00000000eab00000)
 Metaspace       used 33981K, capacity 35384K, committed 35456K, reserved 1079296K
  class space    used 4879K, capacity 5185K, committed 5248K, reserved 1048576K
Event: 7.559 GC heap after
Heap after GC invocations=9 (full 2):
 PSYoungGen      total 109568K, used 0K [0x00000000f5580000, 0x00000000fce80000, 0x0000000100000000)
  eden space 95744K, 0% used [0x00000000f5580000,0x00000000f5580000,0x00000000fb300000)
  from space 13824K, 0% used [0x00000000fb300000,0x00000000fb300000,0x00000000fc080000)
  to   space 13312K, 0% used [0x00000000fc080000,0x00000000fc080000,0x00000000fcd80000)
 ParOldGen       total 175104K, used 15755K [0x00000000e0000000, 0x00000000eab00000, 0x00000000f5580000)
  object space 175104K, 8% used [0x00000000e0000000,0x00000000e0f62d28,0x00000000eab00000)
 Metaspace       used 33981K, capacity 35384K, committed 35456K, reserved 1079296K
  class space    used 4879K, capacity 5185K, committed 5248K, reserved 1048576K
}
Event: 8.776 GC heap before
{Heap before GC invocations=10 (full 2):
 PSYoungGen      total 109568K, used 95744K [0x00000000f5580000, 0x00000000fce80000, 0x0000000100000000)
  eden space 95744K, 100% used [0x00000000f5580000,0x00000000fb300000,0x00000000fb300000)
  from space 13824K, 0% used [0x00000000fb300000,0x00000000fb300000,0x00000000fc080000)
  to   space 13312K, 0% used [0x00000000fc080000,0x00000000fc080000,0x00000000fcd80000)
 ParOldGen       total 175104K, used 15755K [0x00000000e0000000, 0x00000000eab00000, 0x00000000f5580000)
  object space 175104K, 8% used [0x00000000e0000000,0x00000000e0f62d28,0x00000000eab00000)
 Metaspace       used 38788K, capacity 40508K, committed 40832K, reserved 1083392K
  class space    used 5539K, capacity 5897K, committed 6016K, reserved 1048576K
Event: 8.782 GC heap after
Heap after GC invocations=10 (full 2):
 PSYoungGen      total 109056K, used 5883K [0x00000000f5580000, 0x00000000fce80000, 0x0000000100000000)
  eden space 95744K, 0% used [0x00000000f5580000,0x00000000f5580000,0x00000000fb300000)
  from space 13312K, 44% used [0x00000000fc080000,0x00000000fc63edf0,0x00000000fcd80000)
  to   space 13824K, 0% used [0x00000000fb300000,0x00000000fb300000,0x00000000fc080000)
 ParOldGen       total 175104K, used 15755K [0x00000000e0000000, 0x00000000eab00000, 0x00000000f5580000)
  object space 175104K, 8% used [0x00000000e0000000,0x00000000e0f62d28,0x00000000eab00000)
 Metaspace       used 38788K, capacity 40508K, committed 40832K, reserved 1083392K
  class space    used 5539K, capacity 5897K, committed 6016K, reserved 1048576K
}

